android/AkvoRSR/app/build/intermediates/manifest_merge_blame_file/debug/manifest-merger-blame-debug-report.txt
1<?xml version="1.0" encoding="utf-8"?>
2<manifest xmlns:android="http://schemas.android.com/apk/res/android"
3    package="org.akvo.rsr.up"
4    android:versionCode="33"
5    android:versionName="1.6.1" >
6
7    <uses-sdk
8        android:minSdkVersion="14"
8-->src/main/AndroidManifest.xml
9        android:targetSdkVersion="28" />
9-->src/main/AndroidManifest.xml
10
11    <uses-permission android:name="android.permission.INTERNET" />
11-->src/main/AndroidManifest.xml:5:5-67
11-->src/main/AndroidManifest.xml:5:22-64
12    <uses-permission android:name="android.permission.ACCESS_NETWORK_STATE" />
12-->src/main/AndroidManifest.xml:6:5-79
12-->src/main/AndroidManifest.xml:6:22-76
13    <uses-permission
13-->src/main/AndroidManifest.xml:7:5-9:36
14        android:name="android.permission.CAMERA"
14-->src/main/AndroidManifest.xml:8:9-49
15        android:required="false" />
15-->src/main/AndroidManifest.xml:9:9-33
16    <uses-permission android:name="android.permission.WRITE_EXTERNAL_STORAGE" />
16-->src/main/AndroidManifest.xml:10:5-81
16-->src/main/AndroidManifest.xml:10:22-78
17
18    <uses-feature
18-->src/main/AndroidManifest.xml:12:5-14:36
19        android:name="android.hardware.camera"
19-->src/main/AndroidManifest.xml:13:9-47
20        android:required="false" />
20-->src/main/AndroidManifest.xml:14:9-33
21
22    <uses-permission android:name="android.permission.ACCESS_FINE_LOCATION" />
22-->src/main/AndroidManifest.xml:16:5-79
22-->src/main/AndroidManifest.xml:16:22-76
23
24    <application
24-->src/main/AndroidManifest.xml:18:5-177:19
25        android:allowBackup="true"
25-->src/main/AndroidManifest.xml:19:9-35
26        android:appComponentFactory="androidx.core.app.CoreComponentFactory"
26-->[androidx.core:core:1.3.0] AndroidManifest.xml:24:18-86
27        android:debuggable="true"
28        android:icon="@drawable/ic_launcher"
28-->src/main/AndroidManifest.xml:20:9-45
29        android:label="@string/app_name"
29-->src/main/AndroidManifest.xml:21:9-41
30        android:testOnly="true"
31        android:theme="@style/AppTheme" >
31-->src/main/AndroidManifest.xml:22:9-40
32        <activity
32-->src/main/AndroidManifest.xml:23:9-32:20
33            android:name="org.akvo.rsr.up.LoginActivity"
33-->src/main/AndroidManifest.xml:24:13-42
34            android:label="@string/title_activity_login"
34-->src/main/AndroidManifest.xml:25:13-57
35            android:theme="@style/AppThemeNoTitle" >
35-->src/main/AndroidManifest.xml:26:13-51
36            <intent-filter>
36-->src/main/AndroidManifest.xml:27:13-31:29
37                <action android:name="android.intent.action.MAIN" />
37-->src/main/AndroidManifest.xml:28:17-69
37-->src/main/AndroidManifest.xml:28:25-66
38
39                <category android:name="android.intent.category.LAUNCHER" />
39-->src/main/AndroidManifest.xml:30:17-77
39-->src/main/AndroidManifest.xml:30:27-74
40            </intent-filter>
41        </activity>
42        <activity
42-->src/main/AndroidManifest.xml:33:9-37:20
43            android:name="org.akvo.rsr.up.ProjectListActivity"
43-->src/main/AndroidManifest.xml:34:13-48
44            android:configChanges="keyboardHidden|orientation"
44-->src/main/AndroidManifest.xml:35:13-63
45            android:label="@string/title_activity_project_list" >
45-->src/main/AndroidManifest.xml:36:13-64
46        </activity>
47        <activity
47-->src/main/AndroidManifest.xml:38:9-45:20
48            android:name="org.akvo.rsr.up.OrgListActivity"
48-->src/main/AndroidManifest.xml:39:13-44
49            android:configChanges="orientation"
49-->src/main/AndroidManifest.xml:40:13-48
50            android:label="@string/title_activity_project_list" >
50-->src/main/AndroidManifest.xml:41:13-64
51            <meta-data
51-->src/main/AndroidManifest.xml:42:13-44:71
52                android:name="android.support.PARENT_ACTIVITY"
52-->src/main/AndroidManifest.xml:43:17-63
53                android:value="org.akvo.rsr.up.ProjectListActivity" />
53-->src/main/AndroidManifest.xml:44:17-68
54        </activity>
55        <activity
55-->src/main/AndroidManifest.xml:46:9-53:20
56            android:name="org.akvo.rsr.up.EmploymentApplicationActivity"
56-->src/main/AndroidManifest.xml:47:13-58
57            android:configChanges="orientation"
57-->src/main/AndroidManifest.xml:48:13-48
58            android:label="@string/title_activity_employment_application" >
58-->src/main/AndroidManifest.xml:49:13-74
59            <meta-data
59-->src/main/AndroidManifest.xml:42:13-44:71
60                android:name="android.support.PARENT_ACTIVITY"
60-->src/main/AndroidManifest.xml:43:17-63
61                android:value="org.akvo.rsr.up.ProjectListActivity" />
61-->src/main/AndroidManifest.xml:44:17-68
62        </activity>
63        <activity
63-->src/main/AndroidManifest.xml:54:9-60:20
64            android:name="org.akvo.rsr.up.UpdateListActivity"
64-->src/main/AndroidManifest.xml:55:13-47
65            android:label="@string/title_activity_update_list" >
65-->src/main/AndroidManifest.xml:56:13-63
66            <meta-data
66-->src/main/AndroidManifest.xml:42:13-44:71
67                android:name="android.support.PARENT_ACTIVITY"
67-->src/main/AndroidManifest.xml:43:17-63
68                android:value="org.akvo.rsr.up.ProjectDetailActivity" />
68-->src/main/AndroidManifest.xml:44:17-68
69        </activity>
70        <activity
70-->src/main/AndroidManifest.xml:61:9-67:20
71            android:name="org.akvo.rsr.up.ResultListActivity"
71-->src/main/AndroidManifest.xml:62:13-47
72            android:label="@string/title_activity_result_list" >
72-->src/main/AndroidManifest.xml:63:13-63
73            <meta-data
73-->src/main/AndroidManifest.xml:42:13-44:71
74                android:name="android.support.PARENT_ACTIVITY"
74-->src/main/AndroidManifest.xml:43:17-63
75                android:value="org.akvo.rsr.up.ProjectDetailActivity" />
75-->src/main/AndroidManifest.xml:44:17-68
76        </activity>
77        <activity
77-->src/main/AndroidManifest.xml:68:9-74:20
78            android:name="org.akvo.rsr.up.ProjectDetailActivity"
78-->src/main/AndroidManifest.xml:69:13-50
79            android:label="@string/title_activity_project_detail" >
79-->src/main/AndroidManifest.xml:70:13-66
80            <meta-data
80-->src/main/AndroidManifest.xml:42:13-44:71
81                android:name="android.support.PARENT_ACTIVITY"
81-->src/main/AndroidManifest.xml:43:17-63
82                android:value="org.akvo.rsr.up.ProjectListActivity" />
82-->src/main/AndroidManifest.xml:44:17-68
83        </activity>
84        <activity
84-->src/main/AndroidManifest.xml:75:9-81:20
85            android:name="org.akvo.rsr.up.PeriodDetailActivity"
85-->src/main/AndroidManifest.xml:76:13-49
86            android:label="@string/title_activity_period_detail" >
86-->src/main/AndroidManifest.xml:77:13-65
87            <meta-data
87-->src/main/AndroidManifest.xml:42:13-44:71
88                android:name="android.support.PARENT_ACTIVITY"
88-->src/main/AndroidManifest.xml:43:17-63
89                android:value="org.akvo.rsr.up.ResultListActivity" />
89-->src/main/AndroidManifest.xml:44:17-68
90        </activity>
91        <activity
91-->src/main/AndroidManifest.xml:82:9-88:20
92            android:name="org.akvo.rsr.up.DiagnosticActivity"
92-->src/main/AndroidManifest.xml:83:13-47
93            android:label="@string/title_activity_diagnostics" >
93-->src/main/AndroidManifest.xml:84:13-63
94            <meta-data
94-->src/main/AndroidManifest.xml:42:13-44:71
95                android:name="android.support.PARENT_ACTIVITY"
95-->src/main/AndroidManifest.xml:43:17-63
96                android:value="org.akvo.rsr.up.ProjectListActivity" />
96-->src/main/AndroidManifest.xml:44:17-68
97        </activity>
98        <activity
98-->src/main/AndroidManifest.xml:89:9-95:20
99            android:name="org.akvo.rsr.up.MessageActivity"
99-->src/main/AndroidManifest.xml:90:13-44
100            android:label="@string/title_activity_messages" >
100-->src/main/AndroidManifest.xml:91:13-60
101            <meta-data
101-->src/main/AndroidManifest.xml:42:13-44:71
102                android:name="android.support.PARENT_ACTIVITY"
102-->src/main/AndroidManifest.xml:43:17-63
103                android:value="org.akvo.rsr.up.ProjectListActivity" />
103-->src/main/AndroidManifest.xml:44:17-68
104        </activity>
105        <activity
105-->src/main/AndroidManifest.xml:96:9-102:20
106            android:name="org.akvo.rsr.up.UpdateDetailActivity"
106-->src/main/AndroidManifest.xml:97:13-49
107            android:label="@string/title_activity_update_detail" >
107-->src/main/AndroidManifest.xml:98:13-65
108            <meta-data
108-->src/main/AndroidManifest.xml:42:13-44:71
109                android:name="android.support.PARENT_ACTIVITY"
109-->src/main/AndroidManifest.xml:43:17-63
110                android:value="org.akvo.rsr.up.UpdateListActivity" />
110-->src/main/AndroidManifest.xml:44:17-68
111        </activity>
112        <activity
112-->src/main/AndroidManifest.xml:103:9-110:20
113            android:name="org.akvo.rsr.up.UpdateEditorActivity"
113-->src/main/AndroidManifest.xml:104:13-49
114            android:configChanges="keyboardHidden|orientation"
114-->src/main/AndroidManifest.xml:105:13-63
115            android:label="@string/title_activity_update_edit" >
115-->src/main/AndroidManifest.xml:106:13-63
116            <meta-data
116-->src/main/AndroidManifest.xml:42:13-44:71
117                android:name="android.support.PARENT_ACTIVITY"
117-->src/main/AndroidManifest.xml:43:17-63
118                android:value="org.akvo.rsr.up.UpdateListActivity" />
118-->src/main/AndroidManifest.xml:44:17-68
119        </activity>
120        <activity
120-->src/main/AndroidManifest.xml:111:9-114:20
121            android:name="org.akvo.rsr.up.SettingsActivity"
121-->src/main/AndroidManifest.xml:112:13-45
122            android:label="@string/title_activity_settings" >
122-->src/main/AndroidManifest.xml:113:13-60
123        </activity>
124        <activity
124-->src/main/AndroidManifest.xml:115:9-121:20
125            android:name="org.akvo.rsr.up.AboutActivity"
125-->src/main/AndroidManifest.xml:116:13-42
126            android:label="@string/title_activity_about" >
126-->src/main/AndroidManifest.xml:117:13-57
127            <meta-data
127-->src/main/AndroidManifest.xml:42:13-44:71
128                android:name="android.support.PARENT_ACTIVITY"
128-->src/main/AndroidManifest.xml:43:17-63
129                android:value="org.akvo.rsr.up.LoginActivity" />
129-->src/main/AndroidManifest.xml:44:17-68
130        </activity>
131        <activity
131-->src/main/AndroidManifest.xml:122:9-128:20
132            android:name="org.akvo.rsr.up.LicenseActivity"
132-->src/main/AndroidManifest.xml:123:13-44
133            android:label="@string/title_activity_license" >
133-->src/main/AndroidManifest.xml:124:13-59
134            <meta-data
134-->src/main/AndroidManifest.xml:42:13-44:71
135                android:name="android.support.PARENT_ACTIVITY"
135-->src/main/AndroidManifest.xml:43:17-63
136                android:value="org.akvo.rsr.up.AboutActivity" />
136-->src/main/AndroidManifest.xml:44:17-68
137        </activity>
138        <activity
138-->src/main/AndroidManifest.xml:129:9-135:20
139            android:name="org.akvo.rsr.up.ResultEditorActivity"
139-->src/main/AndroidManifest.xml:130:13-49
140            android:label="@string/title_activity_result_editor" >
140-->src/main/AndroidManifest.xml:131:13-65
141            <meta-data
141-->src/main/AndroidManifest.xml:42:13-44:71
142                android:name="android.support.PARENT_ACTIVITY"
142-->src/main/AndroidManifest.xml:43:17-63
143                android:value="org.akvo.rsr.up.ResultListActivity" />
143-->src/main/AndroidManifest.xml:44:17-68
144        </activity>
145
146        <service
146-->src/main/AndroidManifest.xml:137:9-141:19
147            android:name="org.akvo.rsr.up.service.SubmitProjectUpdateService"
147-->src/main/AndroidManifest.xml:138:13-63
148            android:enabled="true"
148-->src/main/AndroidManifest.xml:139:13-35
149            android:exported="false" >
149-->src/main/AndroidManifest.xml:140:13-37
150        </service>
151        <service
151-->src/main/AndroidManifest.xml:142:9-146:19
152            android:name="org.akvo.rsr.up.service.SubmitIpdService"
152-->src/main/AndroidManifest.xml:143:13-53
153            android:enabled="true"
153-->src/main/AndroidManifest.xml:144:13-35
154            android:exported="false" >
154-->src/main/AndroidManifest.xml:145:13-37
155        </service>
156        <service
156-->src/main/AndroidManifest.xml:147:9-151:19
157            android:name="org.akvo.rsr.up.service.SubmitEmploymentService"
157-->src/main/AndroidManifest.xml:148:13-60
158            android:enabled="true"
158-->src/main/AndroidManifest.xml:149:13-35
159            android:exported="false" >
159-->src/main/AndroidManifest.xml:150:13-37
160        </service>
161        <service
161-->src/main/AndroidManifest.xml:152:9-156:19
162            android:name="org.akvo.rsr.up.service.GetProjectDataService"
162-->src/main/AndroidManifest.xml:153:13-58
163            android:enabled="true"
163-->src/main/AndroidManifest.xml:154:13-35
164            android:exported="false" >
164-->src/main/AndroidManifest.xml:155:13-37
165        </service>
166        <service
166-->src/main/AndroidManifest.xml:157:9-161:19
167            android:name="org.akvo.rsr.up.service.SignInService"
167-->src/main/AndroidManifest.xml:158:13-50
168            android:enabled="true"
168-->src/main/AndroidManifest.xml:159:13-35
169            android:exported="false" >
169-->src/main/AndroidManifest.xml:160:13-37
170        </service>
171        <service
171-->src/main/AndroidManifest.xml:162:9-166:19
172            android:name="org.akvo.rsr.up.service.VerifyProjectUpdateService"
172-->src/main/AndroidManifest.xml:163:13-63
173            android:enabled="true"
173-->src/main/AndroidManifest.xml:164:13-35
174            android:exported="false" >
174-->src/main/AndroidManifest.xml:165:13-37
175        </service>
176        <service
176-->src/main/AndroidManifest.xml:167:9-171:19
177            android:name="org.akvo.rsr.up.service.GetOrgDataService"
177-->src/main/AndroidManifest.xml:168:13-54
178            android:enabled="true"
178-->src/main/AndroidManifest.xml:169:13-35
179            android:exported="false" >
179-->src/main/AndroidManifest.xml:170:13-37
180        </service>
181
182        <activity
182-->src/main/AndroidManifest.xml:173:9-176:20
183            android:name="org.akvo.rsr.up.BackActivity"
183-->src/main/AndroidManifest.xml:174:13-41
184            android:label="@string/title_activity_back" >
184-->src/main/AndroidManifest.xml:175:13-56
185        </activity>
186    </application>
187
188</manifest>